2024-06-20 16:55:41,008 WARNING database DDL Query made to DB:
ALTER TABLE `tabArea` ADD COLUMN `_user_tags` text, ADD COLUMN `_comments` text, ADD COLUMN `_assign` text, ADD COLUMN `_liked_by` text
2024-06-20 16:57:43,375 WARNING database DDL Query made to DB:
ALTER TABLE `tabArea` ADD COLUMN `parent_branch` varchar(140)
2024-06-20 16:58:41,555 WARNING database DDL Query made to DB:
ALTER TABLE `tabArea` ADD UNIQUE INDEX IF NOT EXISTS kode_area (`kode_area`)
2024-06-21 08:47:04,059 WARNING database DDL Query made to DB:
ALTER TABLE `tabCall Realisasi` ADD COLUMN `lampiran_foto` text
2024-06-21 08:54:21,453 WARNING database DDL Query made to DB:
ALTER TABLE `tabCall Realisasi` MODIFY `tanggal_target` varchar(140)
2024-06-21 08:55:51,015 WARNING database DDL Query made to DB:
ALTER TABLE `tabKegiatan kunjungan` ADD COLUMN `nama_kegiatan` varchar(140), ADD COLUMN `deskripsi_kegiatan` text
2024-06-21 08:56:34,299 WARNING database DDL Query made to DB:
ALTER TABLE `tabKegiatan kunjungan` ADD UNIQUE INDEX IF NOT EXISTS nama_kegiatan (`nama_kegiatan`)
2024-06-21 09:00:58,170 WARNING database DDL Query made to DB:
ALTER TABLE `tabMaster Call Plan` ADD COLUMN `frekuensi` varchar(140)
2024-06-21 09:04:56,130 WARNING database DDL Query made to DB:
ALTER TABLE `tabMaster Call Plan` MODIFY `status` varchar(140) DEFAULT 'Belum terealisasi'
2024-06-21 14:04:52,017 WARNING database DDL Query made to DB:
alter table `tabRencana tanggal kunjungan` add column if not exists parent varchar(140)
2024-06-21 14:04:52,020 WARNING database DDL Query made to DB:
alter table `tabRencana tanggal kunjungan` add column if not exists parenttype varchar(140)
2024-06-21 14:04:52,020 WARNING database DDL Query made to DB:
alter table `tabRencana tanggal kunjungan` add column if not exists parentfield varchar(140)
2024-06-21 14:08:53,180 WARNING database DDL Query made to DB:
alter table `tabRencana tanggal kunjungan` add column if not exists parent varchar(140)
2024-06-21 14:08:53,183 WARNING database DDL Query made to DB:
alter table `tabRencana tanggal kunjungan` add column if not exists parenttype varchar(140)
2024-06-21 14:08:53,184 WARNING database DDL Query made to DB:
alter table `tabRencana tanggal kunjungan` add column if not exists parentfield varchar(140)
2024-06-21 14:36:01,085 WARNING database DDL Query made to DB:
ALTER TABLE `tabBranch` DROP INDEX `nama_branch`
2024-06-21 15:43:32,159 WARNING database DDL Query made to DB:
alter table `tabRencana tanggal kunjungan` add column if not exists parent varchar(140)
2024-06-21 15:43:32,161 WARNING database DDL Query made to DB:
alter table `tabRencana tanggal kunjungan` add column if not exists parenttype varchar(140)
2024-06-21 15:43:32,161 WARNING database DDL Query made to DB:
alter table `tabRencana tanggal kunjungan` add column if not exists parentfield varchar(140)
2024-06-21 15:49:21,158 WARNING database DDL Query made to DB:
alter table `tabRencana tanggal kunjungan` add column if not exists parent varchar(140)
2024-06-21 15:49:21,159 WARNING database DDL Query made to DB:
alter table `tabRencana tanggal kunjungan` add column if not exists parenttype varchar(140)
2024-06-21 15:49:21,160 WARNING database DDL Query made to DB:
alter table `tabRencana tanggal kunjungan` add column if not exists parentfield varchar(140)
2024-06-21 15:51:34,944 WARNING database DDL Query made to DB:
alter table `tabRencana tanggal kunjungan` add column if not exists parent varchar(140)
2024-06-21 15:51:34,946 WARNING database DDL Query made to DB:
alter table `tabRencana tanggal kunjungan` add column if not exists parenttype varchar(140)
2024-06-21 15:51:34,946 WARNING database DDL Query made to DB:
alter table `tabRencana tanggal kunjungan` add column if not exists parentfield varchar(140)
2024-06-21 16:05:01,454 WARNING database DDL Query made to DB:
ALTER TABLE `tabCall Realisasi` MODIFY `tanggal_kunjungan` varchar(140)
2024-06-21 22:05:51,213 WARNING database DDL Query made to DB:
ALTER TABLE `tabCall Realisasi` MODIFY `tanggal_kunjungan` datetime(6)
2024-06-24 08:52:48,847 WARNING database DDL Query made to DB:
create table `tabMaster Call Plan 2` (
			name varchar(140) primary key,
			creation datetime(6),
			modified datetime(6),
			modified_by varchar(140),
			owner varchar(140),
			docstatus tinyint not null default '0',
			idx int not null default '0',
			`_user_tags` text,
`_comments` text,
`_assign` text,
`_liked_by` text,
index creation(creation))
			ENGINE=InnoDB
			ROW_FORMAT=DYNAMIC
			CHARACTER SET=utf8mb4
			COLLATE=utf8mb4_unicode_ci
2024-06-24 08:59:27,064 WARNING database DDL Query made to DB:
ALTER TABLE `tabMaster Call Plan 2` ADD COLUMN `test` varchar(140)
2024-06-24 09:02:02,553 WARNING database DDL Query made to DB:
ALTER TABLE `tabMaster Call Plan 2` ADD COLUMN `test2` varchar(140)
2024-06-24 09:03:52,465 WARNING database DDL Query made to DB:
create table `tabMaster Call Plan copy` (
			name varchar(140) primary key,
			creation datetime(6),
			modified datetime(6),
			modified_by varchar(140),
			owner varchar(140),
			docstatus tinyint not null default '0',
			idx int not null default '0',
			`status` varchar(140) DEFAULT 'Belum terealisasi',
`merchant_name` varchar(140),
`branch` varchar(140),
`area` varchar(140),
`frekuensi` varchar(140),
`objective` text,
`_user_tags` text,
`_comments` text,
`_assign` text,
`_liked_by` text,
index creation(creation))
			ENGINE=InnoDB
			ROW_FORMAT=DYNAMIC
			CHARACTER SET=utf8mb4
			COLLATE=utf8mb4_unicode_ci
2024-06-24 09:05:13,285 WARNING database DDL Query made to DB:
ALTER TABLE `tabMaster Call Plan copy` ADD COLUMN `starts_on` datetime(6), ADD COLUMN `ends_on` datetime(6)
2024-06-24 09:47:13,850 WARNING database DDL Query made to DB:
ALTER TABLE `tabMaster Call Plan copy` ADD COLUMN `all_day` varchar(140)
2024-06-24 09:48:06,181 WARNING database DDL Query made to DB:
ALTER TABLE `tabMaster Call Plan copy` MODIFY `all_day` tinyint NOT NULL DEFAULT 0
2024-06-24 14:39:05,696 WARNING database DDL Query made to DB:
ALTER TABLE `tabMaster Call Plan copy` ADD COLUMN `kunjungan_1` date, ADD COLUMN `status_1` varchar(140), ADD COLUMN `kunjungan_2` date, ADD COLUMN `status_2` varchar(140), ADD COLUMN `kunjungan_3` date, ADD COLUMN `status_3` varchar(140), ADD COLUMN `kunjungan_4` date, ADD COLUMN `status_4` varchar(140)
2024-06-24 14:39:05,731 WARNING database DDL Query made to DB:
ALTER TABLE `tabMaster Call Plan copy` MODIFY `all_day` tinyint NOT NULL DEFAULT 0
2024-06-24 14:45:48,486 WARNING database DDL Query made to DB:
ALTER TABLE `tabMaster Call Plan copy` MODIFY `all_day` tinyint NOT NULL DEFAULT 0
2024-06-24 14:46:42,658 WARNING database DDL Query made to DB:
ALTER TABLE `tabMaster Call Plan copy` MODIFY `all_day` tinyint NOT NULL DEFAULT 0
2024-06-24 14:47:25,642 WARNING database DDL Query made to DB:
ALTER TABLE `tabMaster Call Plan copy` MODIFY `all_day` tinyint NOT NULL DEFAULT 0
2024-06-24 14:56:14,829 WARNING database DDL Query made to DB:
ALTER TABLE `tabMaster Call Plan copy` MODIFY `all_day` tinyint NOT NULL DEFAULT 0
2024-06-24 14:56:33,292 WARNING database DDL Query made to DB:
ALTER TABLE `tabMaster Call Plan copy` MODIFY `all_day` tinyint NOT NULL DEFAULT 0
2024-06-24 21:48:02,506 WARNING database DDL Query made to DB:
ALTER TABLE `tabMaster Call Plan copy` MODIFY `all_day` tinyint NOT NULL DEFAULT 0
2024-06-24 21:48:41,280 WARNING database DDL Query made to DB:
ALTER TABLE `tabMaster Call Plan copy` MODIFY `all_day` tinyint NOT NULL DEFAULT 0, MODIFY `status` varchar(140) DEFAULT 'Belum direalisasi'
2024-06-24 21:49:17,417 WARNING database DDL Query made to DB:
ALTER TABLE `tabMaster Call Plan copy` MODIFY `status_4` varchar(140) DEFAULT 'Belum direalisasi', MODIFY `status_2` varchar(140) DEFAULT 'Belum direalisasi', MODIFY `status_1` varchar(140) DEFAULT 'Belum direalisasi', MODIFY `status_3` varchar(140) DEFAULT 'Belum direalisasi', MODIFY `all_day` tinyint NOT NULL DEFAULT 0
2024-06-25 10:56:12,580 WARNING database DDL Query made to DB:
ALTER TABLE `tabCall Realisasi` ADD COLUMN `amended_from` varchar(140)
2024-06-25 10:56:12,617 WARNING database DDL Query made to DB:
ALTER TABLE `tabCall Realisasi` ADD INDEX `amended_from_index`(`amended_from`)
2024-06-25 14:32:16,558 WARNING database DDL Query made to DB:
ALTER TABLE `tabCall Realisasi` ADD COLUMN `workflow_state` varchar(140)
2024-06-25 14:40:18,681 WARNING database DDL Query made to DB:
ALTER TABLE `tabCall Realisasi` ADD COLUMN `status_plan` varchar(140)
2024-06-25 14:43:05,222 WARNING database DDL Query made to DB:
ALTER TABLE `tabMaster Call Plan copy` MODIFY `status` varchar(140)
2024-06-26 11:10:09,411 WARNING database DDL Query made to DB:
ALTER TABLE `tabMaster Call Plan copy` MODIFY `status` varchar(140)
2024-06-26 11:10:16,506 WARNING database DDL Query made to DB:
ALTER TABLE `tabMaster Call Plan copy` MODIFY `status` varchar(140)
2024-06-26 11:10:40,558 WARNING database DDL Query made to DB:
ALTER TABLE `tabMaster Call Plan copy` MODIFY `status` varchar(140)
2024-06-26 11:15:04,899 WARNING database DDL Query made to DB:
ALTER TABLE `tabMaster Call Plan copy` MODIFY `status` varchar(140)
2024-06-26 13:27:19,203 WARNING database DDL Query made to DB:
alter table `tabimage testing` add column if not exists parent varchar(140)
2024-06-26 13:27:19,205 WARNING database DDL Query made to DB:
alter table `tabimage testing` add column if not exists parenttype varchar(140)
2024-06-26 13:27:19,205 WARNING database DDL Query made to DB:
alter table `tabimage testing` add column if not exists parentfield varchar(140)
2024-06-26 14:55:48,251 WARNING database DDL Query made to DB:
alter table `tabimage testing` add column if not exists parent varchar(140)
2024-06-26 14:55:48,253 WARNING database DDL Query made to DB:
alter table `tabimage testing` add column if not exists parenttype varchar(140)
2024-06-26 14:55:48,254 WARNING database DDL Query made to DB:
alter table `tabimage testing` add column if not exists parentfield varchar(140)
2024-06-26 16:21:10,709 WARNING database DDL Query made to DB:
ALTER TABLE `tabimage testing parent` ADD COLUMN `datetime_popk` datetime(6)
2024-06-26 18:53:16,740 WARNING database DDL Query made to DB:
alter table `tabimage testing` add column if not exists parent varchar(140)
2024-06-26 18:53:16,742 WARNING database DDL Query made to DB:
alter table `tabimage testing` add column if not exists parenttype varchar(140)
2024-06-26 18:53:16,743 WARNING database DDL Query made to DB:
alter table `tabimage testing` add column if not exists parentfield varchar(140)
2024-06-26 18:53:16,844 WARNING database DDL Query made to DB:
ALTER TABLE `tabimage testing` ADD COLUMN `tes` varchar(140)
2024-06-27 13:46:32,406 WARNING database DDL Query made to DB:
ALTER TABLE `tabMaster Call Plan` ADD COLUMN `amended_from` varchar(140)
2024-06-27 13:46:32,446 WARNING database DDL Query made to DB:
ALTER TABLE `tabMaster Call Plan` ADD INDEX `amended_from_index`(`amended_from`)
2024-07-01 13:03:53,006 WARNING database DDL Query made to DB:
ALTER TABLE `tabMaster Call Plan copy` ADD COLUMN `workflow_state` varchar(140)
2024-07-01 13:03:53,041 WARNING database DDL Query made to DB:
ALTER TABLE `tabMaster Call Plan copy` MODIFY `status` varchar(140)
2024-07-01 13:38:58,402 WARNING database DDL Query made to DB:
ALTER TABLE `tabMaster Call Plan copy` MODIFY `status` varchar(140)
2024-07-01 13:42:32,083 WARNING database DDL Query made to DB:
create table `tabMaster Call Plan bulanan` (
			name varchar(140) primary key,
			creation datetime(6),
			modified datetime(6),
			modified_by varchar(140),
			owner varchar(140),
			docstatus tinyint not null default '0',
			idx int not null default '0',
			`_user_tags` text,
`_comments` text,
`_assign` text,
`_liked_by` text,
index creation(creation))
			ENGINE=InnoDB
			ROW_FORMAT=DYNAMIC
			CHARACTER SET=utf8mb4
			COLLATE=utf8mb4_unicode_ci
2024-07-01 13:49:10,329 WARNING database DDL Query made to DB:
ALTER TABLE `tabMaster Call Plan bulanan` ADD COLUMN `bulan` varchar(140), ADD COLUMN `kelengkapan` varchar(140)
2024-07-01 13:52:17,655 WARNING database DDL Query made to DB:
alter table `tabMaster Call Plan copy` add column if not exists parent varchar(140)
2024-07-01 13:52:17,695 WARNING database DDL Query made to DB:
alter table `tabMaster Call Plan copy` add column if not exists parenttype varchar(140)
2024-07-01 13:52:17,730 WARNING database DDL Query made to DB:
alter table `tabMaster Call Plan copy` add column if not exists parentfield varchar(140)
2024-07-01 13:52:17,886 WARNING database DDL Query made to DB:
ALTER TABLE `tabMaster Call Plan copy` MODIFY `status` varchar(140)
2024-07-01 13:53:47,536 WARNING database DDL Query made to DB:
alter table `tabMaster Call Plan copy` add column if not exists parent varchar(140)
2024-07-01 13:53:47,538 WARNING database DDL Query made to DB:
alter table `tabMaster Call Plan copy` add column if not exists parenttype varchar(140)
2024-07-01 13:53:47,538 WARNING database DDL Query made to DB:
alter table `tabMaster Call Plan copy` add column if not exists parentfield varchar(140)
2024-07-01 13:53:47,671 WARNING database DDL Query made to DB:
ALTER TABLE `tabMaster Call Plan copy` MODIFY `status` varchar(140)
2024-07-01 15:19:02,542 WARNING database DDL Query made to DB:
ALTER TABLE `tabMaster Call Plan bulanan` ADD COLUMN `tahun` varchar(140)
2024-07-01 16:05:12,936 WARNING database DDL Query made to DB:
ALTER TABLE `tabMaster Call Plan bulanan` MODIFY `kelengkapan` varchar(140) DEFAULT 'Belum lengkap'
2026-02-11 16:15:10,790 WARNING database DDL Query made to DB:
alter table `tabMaster Call Plan copy` add column if not exists parent varchar(140)
2026-02-11 16:15:10,792 WARNING database DDL Query made to DB:
alter table `tabMaster Call Plan copy` add column if not exists parenttype varchar(140)
2026-02-11 16:15:10,793 WARNING database DDL Query made to DB:
alter table `tabMaster Call Plan copy` add column if not exists parentfield varchar(140)
2026-02-11 16:15:10,905 WARNING database DDL Query made to DB:
ALTER TABLE `tabMaster Call Plan copy` MODIFY `status` varchar(140)
2024-07-01 16:55:33,453 WARNING database DDL Query made to DB:
ALTER TABLE `tabMaster Call Plan copy` MODIFY `status` varchar(140)
2024-07-01 17:01:19,188 WARNING database DDL Query made to DB:
ALTER TABLE `tabMaster Call Plan copy` MODIFY `status` varchar(140)
2024-07-01 22:22:44,796 WARNING database DDL Query made to DB:
alter table `tabMaster Call Plan copy` add column if not exists parent varchar(140)
2024-07-01 22:22:44,797 WARNING database DDL Query made to DB:
alter table `tabMaster Call Plan copy` add column if not exists parenttype varchar(140)
2024-07-01 22:22:44,798 WARNING database DDL Query made to DB:
alter table `tabMaster Call Plan copy` add column if not exists parentfield varchar(140)
2024-07-01 22:22:44,931 WARNING database DDL Query made to DB:
ALTER TABLE `tabMaster Call Plan copy` MODIFY `status` varchar(140)
